{"/Users/andrewzaruba/Workspace/Fetch/src/components/login/login.tsx": {"path":"/Users/andrewzaruba/Workspace/Fetch/src/components/login/login.tsx","statementMap":{"0":{"start":{"line":11,"column":26},"end":{"line":11,"column":46}},"1":{"start":{"line":12,"column":28},"end":{"line":12,"column":48}},"2":{"start":{"line":14,"column":2},"end":{"line":51,"column":4}},"3":{"start":{"line":25,"column":12},"end":{"line":25,"column":40}},"4":{"start":{"line":37,"column":12},"end":{"line":37,"column":41}},"5":{"start":{"line":44,"column":12},"end":{"line":44,"column":46}}},"fnMap":{"0":{"name":"Login","decl":{"start":{"line":10,"column":24},"end":{"line":10,"column":29}},"loc":{"start":{"line":10,"column":50},"end":{"line":52,"column":1}},"line":10},"1":{"name":"(anonymous_1)","decl":{"start":{"line":24,"column":20},"end":{"line":24,"column":21}},"loc":{"start":{"line":24,"column":68},"end":{"line":26,"column":11}},"line":24},"2":{"name":"(anonymous_2)","decl":{"start":{"line":36,"column":20},"end":{"line":36,"column":21}},"loc":{"start":{"line":36,"column":68},"end":{"line":38,"column":11}},"line":36},"3":{"name":"(anonymous_3)","decl":{"start":{"line":43,"column":19},"end":{"line":43,"column":20}},"loc":{"start":{"line":43,"column":25},"end":{"line":45,"column":11}},"line":43}},"branchMap":{},"s":{"0":1,"1":1,"2":1,"3":0,"4":0,"5":0},"f":{"0":1,"1":0,"2":0,"3":0},"b":{},"_coverageSchema":"1a1c01bbd47fc00a2c39e90264f33305004495a9","hash":"c9cf45697436dcfbcc8b7345a6f89f11d28e78d6"}
,"/Users/andrewzaruba/Workspace/Fetch/src/utilities/loginUtils.ts": {"path":"/Users/andrewzaruba/Workspace/Fetch/src/utilities/loginUtils.ts","statementMap":{"0":{"start":{"line":6,"column":2},"end":{"line":6,"column":69}},"1":{"start":{"line":13,"column":16},"end":{"line":13,"column":40}},"2":{"start":{"line":15,"column":2},"end":{"line":17,"column":3}},"3":{"start":{"line":16,"column":4},"end":{"line":16,"column":42}},"4":{"start":{"line":18,"column":2},"end":{"line":18,"column":19}}},"fnMap":{"0":{"name":"ValidateName","decl":{"start":{"line":5,"column":16},"end":{"line":5,"column":28}},"loc":{"start":{"line":5,"column":63},"end":{"line":7,"column":1}},"line":5},"1":{"name":"ValidateEmail","decl":{"start":{"line":12,"column":16},"end":{"line":12,"column":29}},"loc":{"start":{"line":12,"column":65},"end":{"line":19,"column":1}},"line":12}},"branchMap":{"0":{"loc":{"start":{"line":6,"column":9},"end":{"line":6,"column":68}},"type":"cond-expr","locations":[{"start":{"line":6,"column":27},"end":{"line":6,"column":36}},{"start":{"line":6,"column":39},"end":{"line":6,"column":68}}],"line":6},"1":{"loc":{"start":{"line":15,"column":2},"end":{"line":17,"column":3}},"type":"if","locations":[{"start":{"line":15,"column":2},"end":{"line":17,"column":3}},{"start":{},"end":{}}],"line":15}},"s":{"0":2,"1":2,"2":2,"3":1,"4":1},"f":{"0":2,"1":2},"b":{"0":[1,1],"1":[1,1]},"_coverageSchema":"1a1c01bbd47fc00a2c39e90264f33305004495a9","hash":"8b0dd66d8f0fed7b353fefd5485442939de770fe"}
}
