TN:
SF:src/components/login/login.tsx
FN:10,Login
FN:24,(anonymous_1)
FN:36,(anonymous_2)
FN:43,(anonymous_3)
FNF:4
FNH:1
FNDA:1,Login
FNDA:0,(anonymous_1)
FNDA:0,(anonymous_2)
FNDA:0,(anonymous_3)
DA:11,1
DA:12,1
DA:14,1
DA:25,0
DA:37,0
DA:44,0
LF:6
LH:3
BRF:0
BRH:0
end_of_record
TN:
SF:src/utilities/loginUtils.ts
FN:5,ValidateName
FN:12,ValidateEmail
FNF:2
FNH:2
FNDA:2,ValidateName
FNDA:2,ValidateEmail
DA:6,2
DA:13,2
DA:15,2
DA:16,1
DA:18,1
LF:5
LH:5
BRDA:6,0,0,1
BRDA:6,0,1,1
BRDA:15,1,0,1
BRDA:15,1,1,1
BRF:4
BRH:4
end_of_record
